[2024-05-16 21:19:31] [ ERROR] [PacienteServiceTest:29] Error de Sintaxis en sentencia SQL "\000d\000aINSERT INTO PACIENTES [*]VALUE(DEFAULT, 'COSME', 'FULANITO', '1239081', '2024-02-15', 1)"; se esperaba "., (, OVERRIDING USER VALUE, OVERRIDING SYSTEM VALUE, DIRECT, DEFAULT VALUES, VALUES, SET, WITH, (, SELECT, TABLE, VALUES"
Syntax error in SQL statement "\000d\000aINSERT INTO PACIENTES [*]VALUE(DEFAULT, 'COSME', 'FULANITO', '1239081', '2024-02-15', 1)"; expected "., (, OVERRIDING USER VALUE, OVERRIDING SYSTEM VALUE, DIRECT, DEFAULT VALUES, VALUES, SET, WITH, (, SELECT, TABLE, VALUES"; SQL statement:

INSERT INTO PACIENTES VALUE(DEFAULT, 'COSME', 'FULANITO', '1239081', '2024-02-15', 1) [42001-224]
[2024-05-16 21:19:59] [ ERROR] [PacienteServiceTest:29] Error de Sintaxis en sentencia SQL "\000d\000aINSERT INTO PACIENTES [*]VALUE(DEFAULT, 'COSME', 'FULANITO', '1239081', '2024-02-15', 1)"; se esperaba "., (, OVERRIDING USER VALUE, OVERRIDING SYSTEM VALUE, DIRECT, DEFAULT VALUES, VALUES, SET, WITH, (, SELECT, TABLE, VALUES"
Syntax error in SQL statement "\000d\000aINSERT INTO PACIENTES [*]VALUE(DEFAULT, 'COSME', 'FULANITO', '1239081', '2024-02-15', 1)"; expected "., (, OVERRIDING USER VALUE, OVERRIDING SYSTEM VALUE, DIRECT, DEFAULT VALUES, VALUES, SET, WITH, (, SELECT, TABLE, VALUES"; SQL statement:

INSERT INTO PACIENTES VALUE(DEFAULT, 'COSME', 'FULANITO', '1239081', '2024-02-15', 1) [42001-224]
[2024-05-16 21:21:16] [ ERROR] [PacienteServiceTest:29] Error de Sintaxis en sentencia SQL "\000d\000aINSERT INTO PACIENTES [*]VALUE(DEFAULT, 'COSME', 'FULANITO', '1239081', '2024-02-15', 1)"; se esperaba "., (, OVERRIDING USER VALUE, OVERRIDING SYSTEM VALUE, DIRECT, DEFAULT VALUES, VALUES, SET, WITH, (, SELECT, TABLE, VALUES"
Syntax error in SQL statement "\000d\000aINSERT INTO PACIENTES [*]VALUE(DEFAULT, 'COSME', 'FULANITO', '1239081', '2024-02-15', 1)"; expected "., (, OVERRIDING USER VALUE, OVERRIDING SYSTEM VALUE, DIRECT, DEFAULT VALUES, VALUES, SET, WITH, (, SELECT, TABLE, VALUES"; SQL statement:

INSERT INTO PACIENTES VALUE(DEFAULT, 'COSME', 'FULANITO', '1239081', '2024-02-15', 1) [42001-224]
[2024-05-16 21:25:23] [ INFO ] [DomicilioDaoH2:41] Paciente persistido: Domicilioid=2, calle='Calle Falsa', numero=456, localidad='Springfield', provincia='Springfield
[2024-05-16 21:25:23] [ INFO ] [PacienteDaoH2:49] Paciente guardado: Pacienteid=2, nombre='Cosme', apellido='Menganito', DNI='456464', fechaIngreso=2024-04-22, domicilio=Domicilioid=2, calle='Calle Falsa', numero=456, localidad='Springfield', provincia='Springfield
[2024-05-16 21:25:40] [ INFO ] [DomicilioDaoH2:41] Paciente persistido: Domicilioid=2, calle='Calle Falsa', numero=456, localidad='Springfield', provincia='Springfield
[2024-05-16 21:25:40] [ INFO ] [PacienteDaoH2:49] Paciente guardado: Pacienteid=2, nombre='Cosme', apellido='Menganito', DNI='456464', fechaIngreso=2024-04-22, domicilio=Domicilioid=2, calle='Calle Falsa', numero=456, localidad='Springfield', provincia='Springfield
[2024-05-16 21:49:22] [ INFO ] [DomicilioDaoH2:90] Domicilio encontrado: Domicilioid=1, calle='SIEMPRE VIVA', numero=123, localidad='SAN PEDRO', provincia='JUJUY
[2024-05-16 21:49:22] [ INFO ] [PacienteDaoH2:102] Paciente encontrado: Pacienteid=1, nombre='COSME', apellido='FULANITO', DNI='1239081', fechaIngreso=2024-02-15, domicilio=Domicilioid=1, calle='SIEMPRE VIVA', numero=123, localidad='SAN PEDRO', provincia='JUJUY
[2024-05-16 21:51:07] [ INFO ] [DomicilioDaoH2:41] Paciente persistido: Domicilioid=2, calle='Calle Falsa', numero=456, localidad='Springfield', provincia='Springfield
[2024-05-16 21:51:07] [ INFO ] [PacienteDaoH2:49] Paciente guardado: Pacienteid=2, nombre='Cosme', apellido='Menganito', DNI='456464', fechaIngreso=2024-04-22, domicilio=Domicilioid=2, calle='Calle Falsa', numero=456, localidad='Springfield', provincia='Springfield
[2024-05-16 21:51:07] [ INFO ] [DomicilioDaoH2:90] Domicilio encontrado: Domicilioid=1, calle='SIEMPRE VIVA', numero=123, localidad='SAN PEDRO', provincia='JUJUY
[2024-05-16 21:51:07] [ INFO ] [PacienteDaoH2:141] Paciente listado: Pacienteid=1, nombre='COSME', apellido='FULANITO', DNI='1239081', fechaIngreso=2024-02-15, domicilio=Domicilioid=1, calle='SIEMPRE VIVA', numero=123, localidad='SAN PEDRO', provincia='JUJUY
[2024-05-16 21:51:07] [ INFO ] [DomicilioDaoH2:90] Domicilio encontrado: Domicilioid=2, calle='Calle Falsa', numero=456, localidad='Springfield', provincia='Montana
[2024-05-16 21:51:07] [ INFO ] [PacienteDaoH2:141] Paciente listado: Pacienteid=2, nombre='Cosme', apellido='Menganito', DNI='456464', fechaIngreso=2024-04-22, domicilio=Domicilioid=2, calle='Calle Falsa', numero=456, localidad='Springfield', provincia='Montana
[2024-05-16 21:51:25] [ INFO ] [DomicilioDaoH2:41] Paciente persistido: Domicilioid=2, calle='Calle Falsa', numero=456, localidad='Springfield', provincia='Springfield
[2024-05-16 21:51:25] [ INFO ] [PacienteDaoH2:49] Paciente guardado: Pacienteid=2, nombre='Cosme', apellido='Menganito', DNI='456464', fechaIngreso=2024-04-22, domicilio=Domicilioid=2, calle='Calle Falsa', numero=456, localidad='Springfield', provincia='Springfield
[2024-05-16 21:51:25] [ INFO ] [DomicilioDaoH2:41] Paciente persistido: Domicilioid=3, calle='Calle Falsa', numero=456, localidad='Springfield', provincia='Springfield
[2024-05-16 21:51:25] [ INFO ] [PacienteDaoH2:49] Paciente guardado: Pacienteid=3, nombre='Cosme', apellido='Menganito', DNI='456464', fechaIngreso=2024-04-22, domicilio=Domicilioid=3, calle='Calle Falsa', numero=456, localidad='Springfield', provincia='Springfield
[2024-05-16 21:51:25] [ INFO ] [DomicilioDaoH2:90] Domicilio encontrado: Domicilioid=1, calle='SIEMPRE VIVA', numero=123, localidad='SAN PEDRO', provincia='JUJUY
[2024-05-16 21:51:25] [ INFO ] [PacienteDaoH2:141] Paciente listado: Pacienteid=1, nombre='COSME', apellido='FULANITO', DNI='1239081', fechaIngreso=2024-02-15, domicilio=Domicilioid=1, calle='SIEMPRE VIVA', numero=123, localidad='SAN PEDRO', provincia='JUJUY
[2024-05-16 21:51:25] [ INFO ] [DomicilioDaoH2:90] Domicilio encontrado: Domicilioid=2, calle='Calle Falsa', numero=456, localidad='Springfield', provincia='Montana
[2024-05-16 21:51:25] [ INFO ] [PacienteDaoH2:141] Paciente listado: Pacienteid=2, nombre='Cosme', apellido='Menganito', DNI='456464', fechaIngreso=2024-04-22, domicilio=Domicilioid=2, calle='Calle Falsa', numero=456, localidad='Springfield', provincia='Montana
[2024-05-16 21:51:25] [ INFO ] [DomicilioDaoH2:90] Domicilio encontrado: Domicilioid=3, calle='Calle Falsa', numero=456, localidad='Springfield', provincia='Montana
[2024-05-16 21:51:25] [ INFO ] [PacienteDaoH2:141] Paciente listado: Pacienteid=3, nombre='Cosme', apellido='Menganito', DNI='456464', fechaIngreso=2024-04-22, domicilio=Domicilioid=3, calle='Calle Falsa', numero=456, localidad='Springfield', provincia='Montana
[2024-05-16 21:51:25] [ INFO ] [DomicilioDaoH2:90] Domicilio encontrado: Domicilioid=1, calle='SIEMPRE VIVA', numero=123, localidad='SAN PEDRO', provincia='JUJUY
[2024-05-16 21:51:25] [ INFO ] [PacienteDaoH2:102] Paciente encontrado: Pacienteid=1, nombre='COSME', apellido='FULANITO', DNI='1239081', fechaIngreso=2024-02-15, domicilio=Domicilioid=1, calle='SIEMPRE VIVA', numero=123, localidad='SAN PEDRO', provincia='JUJUY
[2024-05-16 21:58:24] [ INFO ] [DomicilioDaoH2:41] Paciente persistido: Domicilioid=2, calle='Calle Falsa', numero=456, localidad='Springfield', provincia='Springfield
[2024-05-16 21:58:24] [ INFO ] [PacienteDaoH2:49] Paciente guardado: Pacienteid=2, nombre='Cosme', apellido='Menganito', DNI='456464', fechaIngreso=2024-04-22, domicilio=Domicilioid=2, calle='Calle Falsa', numero=456, localidad='Springfield', provincia='Springfield
[2024-05-16 21:58:24] [ INFO ] [DomicilioDaoH2:41] Paciente persistido: Domicilioid=3, calle='Calle Falsa', numero=456, localidad='Springfield', provincia='Springfield
[2024-05-16 21:58:24] [ INFO ] [PacienteDaoH2:49] Paciente guardado: Pacienteid=3, nombre='Cosme', apellido='Menganito', DNI='456464', fechaIngreso=2024-04-22, domicilio=Domicilioid=3, calle='Calle Falsa', numero=456, localidad='Springfield', provincia='Springfield
[2024-05-16 21:58:24] [ INFO ] [DomicilioDaoH2:90] Domicilio encontrado: Domicilioid=1, calle='SIEMPRE VIVA', numero=123, localidad='SAN PEDRO', provincia='JUJUY
[2024-05-16 21:58:24] [ INFO ] [PacienteDaoH2:141] Paciente listado: Pacienteid=1, nombre='COSME', apellido='FULANITO', DNI='1239081', fechaIngreso=2024-02-15, domicilio=Domicilioid=1, calle='SIEMPRE VIVA', numero=123, localidad='SAN PEDRO', provincia='JUJUY
[2024-05-16 21:58:24] [ INFO ] [DomicilioDaoH2:90] Domicilio encontrado: Domicilioid=2, calle='Calle Falsa', numero=456, localidad='Springfield', provincia='Montana
[2024-05-16 21:58:24] [ INFO ] [PacienteDaoH2:141] Paciente listado: Pacienteid=2, nombre='Cosme', apellido='Menganito', DNI='456464', fechaIngreso=2024-04-22, domicilio=Domicilioid=2, calle='Calle Falsa', numero=456, localidad='Springfield', provincia='Montana
[2024-05-16 21:58:24] [ INFO ] [DomicilioDaoH2:90] Domicilio encontrado: Domicilioid=3, calle='Calle Falsa', numero=456, localidad='Springfield', provincia='Montana
[2024-05-16 21:58:24] [ INFO ] [PacienteDaoH2:141] Paciente listado: Pacienteid=3, nombre='Cosme', apellido='Menganito', DNI='456464', fechaIngreso=2024-04-22, domicilio=Domicilioid=3, calle='Calle Falsa', numero=456, localidad='Springfield', provincia='Montana
[2024-05-16 21:58:24] [ INFO ] [DomicilioDaoH2:90] Domicilio encontrado: Domicilioid=1, calle='SIEMPRE VIVA', numero=123, localidad='SAN PEDRO', provincia='JUJUY
[2024-05-16 21:58:24] [ INFO ] [PacienteDaoH2:102] Paciente encontrado: Pacienteid=1, nombre='COSME', apellido='FULANITO', DNI='1239081', fechaIngreso=2024-02-15, domicilio=Domicilioid=1, calle='SIEMPRE VIVA', numero=123, localidad='SAN PEDRO', provincia='JUJUY
[2024-05-16 21:58:30] [ INFO ] [DomicilioDaoH2:41] Paciente persistido: Domicilioid=2, calle='Calle Falsa', numero=456, localidad='Springfield', provincia='Springfield
[2024-05-16 21:58:30] [ INFO ] [PacienteDaoH2:49] Paciente guardado: Pacienteid=2, nombre='Cosme', apellido='Menganito', DNI='456464', fechaIngreso=2024-04-22, domicilio=Domicilioid=2, calle='Calle Falsa', numero=456, localidad='Springfield', provincia='Springfield
[2024-05-16 21:58:30] [ INFO ] [DomicilioDaoH2:41] Paciente persistido: Domicilioid=3, calle='Calle Falsa', numero=456, localidad='Springfield', provincia='Springfield
[2024-05-16 21:58:30] [ INFO ] [PacienteDaoH2:49] Paciente guardado: Pacienteid=3, nombre='Cosme', apellido='Menganito', DNI='456464', fechaIngreso=2024-04-22, domicilio=Domicilioid=3, calle='Calle Falsa', numero=456, localidad='Springfield', provincia='Springfield
[2024-05-16 21:58:30] [ INFO ] [DomicilioDaoH2:90] Domicilio encontrado: Domicilioid=1, calle='SIEMPRE VIVA', numero=123, localidad='SAN PEDRO', provincia='JUJUY
[2024-05-16 21:58:30] [ INFO ] [PacienteDaoH2:141] Paciente listado: Pacienteid=1, nombre='COSME', apellido='FULANITO', DNI='1239081', fechaIngreso=2024-02-15, domicilio=Domicilioid=1, calle='SIEMPRE VIVA', numero=123, localidad='SAN PEDRO', provincia='JUJUY
[2024-05-16 21:58:30] [ INFO ] [DomicilioDaoH2:90] Domicilio encontrado: Domicilioid=2, calle='Calle Falsa', numero=456, localidad='Springfield', provincia='Montana
[2024-05-16 21:58:30] [ INFO ] [PacienteDaoH2:141] Paciente listado: Pacienteid=2, nombre='Cosme', apellido='Menganito', DNI='456464', fechaIngreso=2024-04-22, domicilio=Domicilioid=2, calle='Calle Falsa', numero=456, localidad='Springfield', provincia='Montana
[2024-05-16 21:58:30] [ INFO ] [DomicilioDaoH2:90] Domicilio encontrado: Domicilioid=3, calle='Calle Falsa', numero=456, localidad='Springfield', provincia='Montana
[2024-05-16 21:58:30] [ INFO ] [PacienteDaoH2:141] Paciente listado: Pacienteid=3, nombre='Cosme', apellido='Menganito', DNI='456464', fechaIngreso=2024-04-22, domicilio=Domicilioid=3, calle='Calle Falsa', numero=456, localidad='Springfield', provincia='Montana
[2024-05-16 21:58:30] [ INFO ] [DomicilioDaoH2:90] Domicilio encontrado: Domicilioid=1, calle='SIEMPRE VIVA', numero=123, localidad='SAN PEDRO', provincia='JUJUY
[2024-05-16 21:58:30] [ INFO ] [PacienteDaoH2:102] Paciente encontrado: Pacienteid=1, nombre='COSME', apellido='FULANITO', DNI='1239081', fechaIngreso=2024-02-15, domicilio=Domicilioid=1, calle='SIEMPRE VIVA', numero=123, localidad='SAN PEDRO', provincia='JUJUY
[2024-05-16 21:59:50] [ INFO ] [PacienteEnMemoria:22] Paciente guardado: Pacienteid=1, nombre='Cosme', apellido='Menganito', DNI='456464', fechaIngreso=2024-04-22, domicilio=Domicilioid=null, calle='Calle Falsa', numero=456, localidad='Springfield', provincia='Montana
[2024-05-16 22:00:01] [ INFO ] [DomicilioDaoH2:41] Paciente persistido: Domicilioid=2, calle='Calle Falsa', numero=456, localidad='Springfield', provincia='Springfield
[2024-05-16 22:00:01] [ INFO ] [PacienteDaoH2:49] Paciente guardado: Pacienteid=2, nombre='Cosme', apellido='Menganito', DNI='456464', fechaIngreso=2024-04-22, domicilio=Domicilioid=2, calle='Calle Falsa', numero=456, localidad='Springfield', provincia='Springfield
[2024-05-16 22:00:04] [ INFO ] [DomicilioDaoH2:90] Domicilio encontrado: Domicilioid=1, calle='SIEMPRE VIVA', numero=123, localidad='SAN PEDRO', provincia='JUJUY
[2024-05-16 22:00:04] [ INFO ] [PacienteDaoH2:102] Paciente encontrado: Pacienteid=1, nombre='COSME', apellido='FULANITO', DNI='1239081', fechaIngreso=2024-02-15, domicilio=Domicilioid=1, calle='SIEMPRE VIVA', numero=123, localidad='SAN PEDRO', provincia='JUJUY
[2024-05-16 22:00:08] [ INFO ] [DomicilioDaoH2:41] Paciente persistido: Domicilioid=2, calle='Calle Falsa', numero=456, localidad='Springfield', provincia='Springfield
[2024-05-16 22:00:08] [ INFO ] [PacienteDaoH2:49] Paciente guardado: Pacienteid=2, nombre='Cosme', apellido='Menganito', DNI='456464', fechaIngreso=2024-04-22, domicilio=Domicilioid=2, calle='Calle Falsa', numero=456, localidad='Springfield', provincia='Springfield
[2024-05-16 22:00:08] [ INFO ] [DomicilioDaoH2:90] Domicilio encontrado: Domicilioid=1, calle='SIEMPRE VIVA', numero=123, localidad='SAN PEDRO', provincia='JUJUY
[2024-05-16 22:00:08] [ INFO ] [PacienteDaoH2:141] Paciente listado: Pacienteid=1, nombre='COSME', apellido='FULANITO', DNI='1239081', fechaIngreso=2024-02-15, domicilio=Domicilioid=1, calle='SIEMPRE VIVA', numero=123, localidad='SAN PEDRO', provincia='JUJUY
[2024-05-16 22:00:08] [ INFO ] [DomicilioDaoH2:90] Domicilio encontrado: Domicilioid=2, calle='Calle Falsa', numero=456, localidad='Springfield', provincia='Montana
[2024-05-16 22:00:08] [ INFO ] [PacienteDaoH2:141] Paciente listado: Pacienteid=2, nombre='Cosme', apellido='Menganito', DNI='456464', fechaIngreso=2024-04-22, domicilio=Domicilioid=2, calle='Calle Falsa', numero=456, localidad='Springfield', provincia='Montana
[2024-05-16 22:01:03] [ INFO ] [PacienteEnMemoria:34] Paciente no encontrado
[2024-05-16 22:01:44] [ INFO ] [PacienteEnMemoria:22] Paciente guardado: Pacienteid=1, nombre='Cosme', apellido='Menganito', DNI='456464', fechaIngreso=2024-04-22, domicilio=Domicilioid=null, calle='Calle Falsa', numero=456, localidad='Springfield', provincia='Montana
[2024-05-16 22:01:44] [ INFO ] [PacienteEnMemoria:30] Paciente encontrado: Pacienteid=1, nombre='Cosme', apellido='Menganito', DNI='456464', fechaIngreso=2024-04-22, domicilio=Domicilioid=null, calle='Calle Falsa', numero=456, localidad='Springfield', provincia='Montana
[2024-05-16 22:01:52] [ INFO ] [PacienteEnMemoria:22] Paciente guardado: Pacienteid=1, nombre='Cosme', apellido='Menganito', DNI='456464', fechaIngreso=2024-04-22, domicilio=Domicilioid=null, calle='Calle Falsa', numero=456, localidad='Springfield', provincia='Montana
[2024-05-16 22:01:55] [ INFO ] [PacienteEnMemoria:22] Paciente guardado: Pacienteid=1, nombre='Cosme', apellido='Menganito', DNI='456464', fechaIngreso=2024-04-22, domicilio=Domicilioid=null, calle='Calle Falsa', numero=456, localidad='Springfield', provincia='Montana
[2024-05-16 22:01:55] [ INFO ] [PacienteEnMemoria:30] Paciente encontrado: Pacienteid=1, nombre='Cosme', apellido='Menganito', DNI='456464', fechaIngreso=2024-04-22, domicilio=Domicilioid=null, calle='Calle Falsa', numero=456, localidad='Springfield', provincia='Montana
[2024-05-16 22:02:05] [ INFO ] [PacienteEnMemoria:22] Paciente guardado: Pacienteid=1, nombre='Cosme', apellido='Menganito', DNI='456464', fechaIngreso=2024-04-22, domicilio=Domicilioid=null, calle='Calle Falsa', numero=456, localidad='Springfield', provincia='Montana
[2024-05-16 22:02:14] [ INFO ] [DomicilioDaoH2:41] Paciente persistido: Domicilioid=2, calle='Calle Falsa', numero=456, localidad='Springfield', provincia='Springfield
[2024-05-16 22:02:14] [ INFO ] [PacienteDaoH2:49] Paciente guardado: Pacienteid=2, nombre='Cosme', apellido='Menganito', DNI='456464', fechaIngreso=2024-04-22, domicilio=Domicilioid=2, calle='Calle Falsa', numero=456, localidad='Springfield', provincia='Springfield
[2024-05-16 22:02:14] [ INFO ] [DomicilioDaoH2:90] Domicilio encontrado: Domicilioid=1, calle='SIEMPRE VIVA', numero=123, localidad='SAN PEDRO', provincia='JUJUY
[2024-05-16 22:02:14] [ INFO ] [PacienteDaoH2:141] Paciente listado: Pacienteid=1, nombre='COSME', apellido='FULANITO', DNI='1239081', fechaIngreso=2024-02-15, domicilio=Domicilioid=1, calle='SIEMPRE VIVA', numero=123, localidad='SAN PEDRO', provincia='JUJUY
[2024-05-16 22:02:14] [ INFO ] [DomicilioDaoH2:90] Domicilio encontrado: Domicilioid=2, calle='Calle Falsa', numero=456, localidad='Springfield', provincia='Montana
[2024-05-16 22:02:14] [ INFO ] [PacienteDaoH2:141] Paciente listado: Pacienteid=2, nombre='Cosme', apellido='Menganito', DNI='456464', fechaIngreso=2024-04-22, domicilio=Domicilioid=2, calle='Calle Falsa', numero=456, localidad='Springfield', provincia='Montana
[2024-05-16 22:02:17] [ INFO ] [DomicilioDaoH2:90] Domicilio encontrado: Domicilioid=1, calle='SIEMPRE VIVA', numero=123, localidad='SAN PEDRO', provincia='JUJUY
[2024-05-16 22:02:17] [ INFO ] [PacienteDaoH2:102] Paciente encontrado: Pacienteid=1, nombre='COSME', apellido='FULANITO', DNI='1239081', fechaIngreso=2024-02-15, domicilio=Domicilioid=1, calle='SIEMPRE VIVA', numero=123, localidad='SAN PEDRO', provincia='JUJUY
[2024-05-16 22:02:19] [ INFO ] [DomicilioDaoH2:41] Paciente persistido: Domicilioid=2, calle='Calle Falsa', numero=456, localidad='Springfield', provincia='Springfield
[2024-05-16 22:02:19] [ INFO ] [PacienteDaoH2:49] Paciente guardado: Pacienteid=2, nombre='Cosme', apellido='Menganito', DNI='456464', fechaIngreso=2024-04-22, domicilio=Domicilioid=2, calle='Calle Falsa', numero=456, localidad='Springfield', provincia='Springfield
[2024-05-16 22:10:12] [ INFO ] [DomicilioDaoH2:41] Paciente persistido: Domicilioid=2, calle='Calle Falsa', numero=456, localidad='Springfield', provincia='Springfield
[2024-05-16 22:10:12] [ INFO ] [PacienteDaoH2:49] Paciente guardado: Pacienteid=2, nombre='Cosme', apellido='Menganito', DNI='456464', fechaIngreso=2024-04-22, domicilio=Domicilioid=2, calle='Calle Falsa', numero=456, localidad='Springfield', provincia='Springfield
[2024-05-16 22:10:12] [ INFO ] [DomicilioDaoH2:90] Domicilio encontrado: Domicilioid=1, calle='SIEMPRE VIVA', numero=123, localidad='SAN PEDRO', provincia='JUJUY
[2024-05-16 22:10:12] [ INFO ] [PacienteDaoH2:141] Paciente listado: Pacienteid=1, nombre='COSME', apellido='FULANITO', DNI='1239081', fechaIngreso=2024-02-15, domicilio=Domicilioid=1, calle='SIEMPRE VIVA', numero=123, localidad='SAN PEDRO', provincia='JUJUY
[2024-05-16 22:10:12] [ INFO ] [DomicilioDaoH2:90] Domicilio encontrado: Domicilioid=2, calle='Calle Falsa', numero=456, localidad='Springfield', provincia='Montana
[2024-05-16 22:10:12] [ INFO ] [PacienteDaoH2:141] Paciente listado: Pacienteid=2, nombre='Cosme', apellido='Menganito', DNI='456464', fechaIngreso=2024-04-22, domicilio=Domicilioid=2, calle='Calle Falsa', numero=456, localidad='Springfield', provincia='Montana
[2024-05-16 22:10:12] [ INFO ] [DomicilioDaoH2:90] Domicilio encontrado: Domicilioid=1, calle='SIEMPRE VIVA', numero=123, localidad='SAN PEDRO', provincia='JUJUY
[2024-05-16 22:10:12] [ INFO ] [PacienteDaoH2:102] Paciente encontrado: Pacienteid=1, nombre='COSME', apellido='FULANITO', DNI='1239081', fechaIngreso=2024-02-15, domicilio=Domicilioid=1, calle='SIEMPRE VIVA', numero=123, localidad='SAN PEDRO', provincia='JUJUY
[2024-05-16 22:10:26] [ INFO ] [PacienteEnMemoria:22] Paciente guardado: Pacienteid=1, nombre='Cosme', apellido='Menganito', DNI='456464', fechaIngreso=2024-04-22, domicilio=Domicilioid=null, calle='Calle Falsa', numero=456, localidad='Springfield', provincia='Montana
[2024-05-16 22:10:26] [ INFO ] [PacienteEnMemoria:22] Paciente guardado: Pacienteid=2, nombre='Cosme', apellido='Menganito', DNI='456464', fechaIngreso=2024-04-22, domicilio=Domicilioid=null, calle='Calle Falsa', numero=456, localidad='Springfield', provincia='Montana
[2024-05-16 22:10:26] [ INFO ] [PacienteEnMemoria:22] Paciente guardado: Pacienteid=3, nombre='Cosme', apellido='Menganito', DNI='456464', fechaIngreso=2024-04-22, domicilio=Domicilioid=null, calle='Calle Falsa', numero=456, localidad='Springfield', provincia='Montana
[2024-05-16 22:10:26] [ INFO ] [PacienteEnMemoria:30] Paciente encontrado: Pacienteid=1, nombre='Cosme', apellido='Menganito', DNI='456464', fechaIngreso=2024-04-22, domicilio=Domicilioid=null, calle='Calle Falsa', numero=456, localidad='Springfield', provincia='Montana
[2024-05-16 22:10:39] [ INFO ] [PacienteEnMemoria:22] Paciente guardado: Pacienteid=1, nombre='Cosme', apellido='Menganito', DNI='456464', fechaIngreso=2024-04-22, domicilio=Domicilioid=null, calle='Calle Falsa', numero=456, localidad='Springfield', provincia='Montana
[2024-05-16 22:10:39] [ INFO ] [PacienteEnMemoria:22] Paciente guardado: Pacienteid=2, nombre='Cosme', apellido='Menganito', DNI='456464', fechaIngreso=2024-04-22, domicilio=Domicilioid=null, calle='Calle Falsa', numero=456, localidad='Springfield', provincia='Montana
[2024-05-16 22:10:39] [ INFO ] [PacienteEnMemoria:30] Paciente encontrado: Pacienteid=1, nombre='Cosme', apellido='Menganito', DNI='456464', fechaIngreso=2024-04-22, domicilio=Domicilioid=null, calle='Calle Falsa', numero=456, localidad='Springfield', provincia='Montana
[2024-05-16 22:10:48] [ INFO ] [PacienteEnMemoria:22] Paciente guardado: Pacienteid=1, nombre='Cosme', apellido='Menganito', DNI='456464', fechaIngreso=2024-04-22, domicilio=Domicilioid=null, calle='Calle Falsa', numero=456, localidad='Springfield', provincia='Montana
[2024-05-16 22:10:48] [ INFO ] [PacienteEnMemoria:22] Paciente guardado: Pacienteid=2, nombre='Cosme', apellido='Menganito', DNI='456464', fechaIngreso=2024-04-22, domicilio=Domicilioid=null, calle='Calle Falsa', numero=456, localidad='Springfield', provincia='Montana
[2024-05-16 22:10:48] [ INFO ] [PacienteEnMemoria:22] Paciente guardado: Pacienteid=3, nombre='Cosme', apellido='Menganito', DNI='456464', fechaIngreso=2024-04-22, domicilio=Domicilioid=null, calle='Calle Falsa', numero=456, localidad='Springfield', provincia='Montana
[2024-05-16 22:10:48] [ INFO ] [PacienteEnMemoria:30] Paciente encontrado: Pacienteid=1, nombre='Cosme', apellido='Menganito', DNI='456464', fechaIngreso=2024-04-22, domicilio=Domicilioid=null, calle='Calle Falsa', numero=456, localidad='Springfield', provincia='Montana
[2024-05-16 22:10:51] [ INFO ] [PacienteEnMemoria:22] Paciente guardado: Pacienteid=1, nombre='Cosme', apellido='Menganito', DNI='456464', fechaIngreso=2024-04-22, domicilio=Domicilioid=null, calle='Calle Falsa', numero=456, localidad='Springfield', provincia='Montana
[2024-05-18 14:55:46] [ INFO ] [DomicilioDaoH2:41] Paciente persistido: Domicilioid=2, calle='Calle Falsa', numero=456, localidad='Springfield', provincia='Springfield
[2024-05-18 14:55:46] [ INFO ] [PacienteDaoH2:49] Paciente guardado: Pacienteid=2, nombre='Cosme', apellido='Menganito', DNI='456464', fechaIngreso=2024-04-22, domicilio=Domicilioid=2, calle='Calle Falsa', numero=456, localidad='Springfield', provincia='Springfield
[2024-05-18 14:56:20] [ INFO ] [DomicilioDaoH2:41] Domicilio persistido: Domicilioid=2, calle='Calle Falsa', numero=456, localidad='Springfield', provincia='Springfield
[2024-05-18 14:56:20] [ INFO ] [PacienteDaoH2:49] Paciente guardado: Pacienteid=2, nombre='Cosme', apellido='Menganito', DNI='456464', fechaIngreso=2024-04-22, domicilio=Domicilioid=2, calle='Calle Falsa', numero=456, localidad='Springfield', provincia='Springfield
[2024-05-18 14:58:19] [ INFO ] [DomicilioDaoH2:90] Domicilio encontrado: Domicilioid=1, calle='SIEMPRE VIVA', numero=123, localidad='SAN PEDRO', provincia='JUJUY
[2024-05-18 14:58:19] [ INFO ] [PacienteDaoH2:102] Paciente encontrado: Pacienteid=1, nombre='COSME', apellido='FULANITO', DNI='1239081', fechaIngreso=2024-02-15, domicilio=Domicilioid=1, calle='SIEMPRE VIVA', numero=123, localidad='SAN PEDRO', provincia='JUJUY
[2024-05-18 14:59:32] [ INFO ] [DomicilioDaoH2:90] Domicilio encontrado: Domicilioid=1, calle='SIEMPRE VIVA', numero=123, localidad='SAN PEDRO', provincia='JUJUY
[2024-05-18 14:59:32] [ INFO ] [PacienteDaoH2:141] Paciente listado: Pacienteid=1, nombre='COSME', apellido='FULANITO', DNI='1239081', fechaIngreso=2024-02-15, domicilio=Domicilioid=1, calle='SIEMPRE VIVA', numero=123, localidad='SAN PEDRO', provincia='JUJUY
[2024-05-18 14:59:34] [ INFO ] [DomicilioDaoH2:90] Domicilio encontrado: Domicilioid=1, calle='SIEMPRE VIVA', numero=123, localidad='SAN PEDRO', provincia='JUJUY
[2024-05-18 14:59:34] [ INFO ] [PacienteDaoH2:141] Paciente listado: Pacienteid=1, nombre='COSME', apellido='FULANITO', DNI='1239081', fechaIngreso=2024-02-15, domicilio=Domicilioid=1, calle='SIEMPRE VIVA', numero=123, localidad='SAN PEDRO', provincia='JUJUY
[2024-05-18 15:00:31] [ INFO ] [DomicilioDaoH2:90] Domicilio encontrado: Domicilioid=1, calle='SIEMPRE VIVA', numero=123, localidad='SAN PEDRO', provincia='JUJUY
[2024-05-18 15:00:31] [ INFO ] [PacienteDaoH2:141] Paciente listado: Pacienteid=1, nombre='COSME', apellido='FULANITO', DNI='1239081', fechaIngreso=2024-02-15, domicilio=Domicilioid=1, calle='SIEMPRE VIVA', numero=123, localidad='SAN PEDRO', provincia='JUJUY
[2024-05-18 15:00:31] [ INFO ] [DomicilioDaoH2:41] Domicilio persistido: Domicilioid=2, calle='Calle Falsa', numero=456, localidad='Springfield', provincia='Springfield
[2024-05-18 15:00:31] [ INFO ] [PacienteDaoH2:49] Paciente guardado: Pacienteid=2, nombre='Cosme', apellido='Menganito', DNI='456464', fechaIngreso=2024-04-22, domicilio=Domicilioid=2, calle='Calle Falsa', numero=456, localidad='Springfield', provincia='Springfield
[2024-05-18 15:00:50] [ INFO ] [DomicilioDaoH2:41] Domicilio persistido: Domicilioid=2, calle='Calle Falsa', numero=456, localidad='Springfield', provincia='Springfield
[2024-05-18 15:00:50] [ INFO ] [PacienteDaoH2:49] Paciente guardado: Pacienteid=2, nombre='Cosme', apellido='Menganito', DNI='456464', fechaIngreso=2024-04-22, domicilio=Domicilioid=2, calle='Calle Falsa', numero=456, localidad='Springfield', provincia='Springfield
[2024-05-18 15:00:50] [ INFO ] [DomicilioDaoH2:90] Domicilio encontrado: Domicilioid=1, calle='SIEMPRE VIVA', numero=123, localidad='SAN PEDRO', provincia='JUJUY
[2024-05-18 15:00:50] [ INFO ] [PacienteDaoH2:141] Paciente listado: Pacienteid=1, nombre='COSME', apellido='FULANITO', DNI='1239081', fechaIngreso=2024-02-15, domicilio=Domicilioid=1, calle='SIEMPRE VIVA', numero=123, localidad='SAN PEDRO', provincia='JUJUY
[2024-05-18 15:00:50] [ INFO ] [DomicilioDaoH2:90] Domicilio encontrado: Domicilioid=2, calle='Calle Falsa', numero=456, localidad='Springfield', provincia='Montana
[2024-05-18 15:00:50] [ INFO ] [PacienteDaoH2:141] Paciente listado: Pacienteid=2, nombre='Cosme', apellido='Menganito', DNI='456464', fechaIngreso=2024-04-22, domicilio=Domicilioid=2, calle='Calle Falsa', numero=456, localidad='Springfield', provincia='Montana
[2024-05-18 15:04:24] [ INFO ] [DomicilioDaoH2:41] Domicilio persistido: Domicilioid=2, calle='Calle Falsa', numero=456, localidad='Springfield', provincia='Springfield
[2024-05-18 15:04:24] [ INFO ] [PacienteDaoH2:49] Paciente guardado: Pacienteid=2, nombre='Cosme', apellido='Menganito', DNI='456464', fechaIngreso=2024-04-22, domicilio=Domicilioid=2, calle='Calle Falsa', numero=456, localidad='Springfield', provincia='Springfield
[2024-05-18 15:04:24] [ INFO ] [DomicilioDaoH2:41] Domicilio persistido: Domicilioid=3, calle='Calle Falsa', numero=456, localidad='Springfield', provincia='Springfield
[2024-05-18 15:04:24] [ INFO ] [PacienteDaoH2:49] Paciente guardado: Pacienteid=3, nombre='Cosme', apellido='Menganito', DNI='456464', fechaIngreso=2024-04-22, domicilio=Domicilioid=3, calle='Calle Falsa', numero=456, localidad='Springfield', provincia='Springfield
[2024-05-18 15:04:24] [ INFO ] [DomicilioDaoH2:90] Domicilio encontrado: Domicilioid=1, calle='SIEMPRE VIVA', numero=123, localidad='SAN PEDRO', provincia='JUJUY
[2024-05-18 15:04:24] [ INFO ] [PacienteDaoH2:141] Paciente listado: Pacienteid=1, nombre='COSME', apellido='FULANITO', DNI='1239081', fechaIngreso=2024-02-15, domicilio=Domicilioid=1, calle='SIEMPRE VIVA', numero=123, localidad='SAN PEDRO', provincia='JUJUY
[2024-05-18 15:04:24] [ INFO ] [DomicilioDaoH2:90] Domicilio encontrado: Domicilioid=2, calle='Calle Falsa', numero=456, localidad='Springfield', provincia='Montana
[2024-05-18 15:04:24] [ INFO ] [PacienteDaoH2:141] Paciente listado: Pacienteid=2, nombre='Cosme', apellido='Menganito', DNI='456464', fechaIngreso=2024-04-22, domicilio=Domicilioid=2, calle='Calle Falsa', numero=456, localidad='Springfield', provincia='Montana
[2024-05-18 15:04:24] [ INFO ] [DomicilioDaoH2:90] Domicilio encontrado: Domicilioid=3, calle='Calle Falsa', numero=456, localidad='Springfield', provincia='Montana
[2024-05-18 15:04:24] [ INFO ] [PacienteDaoH2:141] Paciente listado: Pacienteid=3, nombre='Cosme', apellido='Menganito', DNI='456464', fechaIngreso=2024-04-22, domicilio=Domicilioid=3, calle='Calle Falsa', numero=456, localidad='Springfield', provincia='Montana
[2024-05-18 15:04:24] [ INFO ] [DomicilioDaoH2:90] Domicilio encontrado: Domicilioid=1, calle='SIEMPRE VIVA', numero=123, localidad='SAN PEDRO', provincia='JUJUY
[2024-05-18 15:04:24] [ INFO ] [PacienteDaoH2:102] Paciente encontrado: Pacienteid=1, nombre='COSME', apellido='FULANITO', DNI='1239081', fechaIngreso=2024-02-15, domicilio=Domicilioid=1, calle='SIEMPRE VIVA', numero=123, localidad='SAN PEDRO', provincia='JUJUY
[2024-05-18 15:04:38] [ INFO ] [DomicilioDaoH2:41] Domicilio persistido: Domicilioid=2, calle='Calle Falsa', numero=456, localidad='Springfield', provincia='Springfield
[2024-05-18 15:04:38] [ INFO ] [PacienteDaoH2:49] Paciente guardado: Pacienteid=2, nombre='Cosme', apellido='Menganito', DNI='456464', fechaIngreso=2024-04-22, domicilio=Domicilioid=2, calle='Calle Falsa', numero=456, localidad='Springfield', provincia='Springfield
[2024-05-18 15:04:38] [ INFO ] [DomicilioDaoH2:90] Domicilio encontrado: Domicilioid=1, calle='SIEMPRE VIVA', numero=123, localidad='SAN PEDRO', provincia='JUJUY
[2024-05-18 15:04:38] [ INFO ] [PacienteDaoH2:141] Paciente listado: Pacienteid=1, nombre='COSME', apellido='FULANITO', DNI='1239081', fechaIngreso=2024-02-15, domicilio=Domicilioid=1, calle='SIEMPRE VIVA', numero=123, localidad='SAN PEDRO', provincia='JUJUY
[2024-05-18 15:04:38] [ INFO ] [DomicilioDaoH2:90] Domicilio encontrado: Domicilioid=2, calle='Calle Falsa', numero=456, localidad='Springfield', provincia='Montana
[2024-05-18 15:04:38] [ INFO ] [PacienteDaoH2:141] Paciente listado: Pacienteid=2, nombre='Cosme', apellido='Menganito', DNI='456464', fechaIngreso=2024-04-22, domicilio=Domicilioid=2, calle='Calle Falsa', numero=456, localidad='Springfield', provincia='Montana
[2024-05-18 15:04:44] [ INFO ] [PacienteEnMemoria:22] Paciente guardado: Pacienteid=1, nombre='Cosme', apellido='Menganito', DNI='456464', fechaIngreso=2024-04-22, domicilio=Domicilioid=null, calle='Calle Falsa', numero=456, localidad='Springfield', provincia='Montana
[2024-05-18 15:05:12] [ INFO ] [PacienteEnMemoria:22] Paciente guardado: Pacienteid=1, nombre='Cosme', apellido='Menganito', DNI='456464', fechaIngreso=2024-04-22, domicilio=Domicilioid=null, calle='Calle Falsa', numero=456, localidad='Springfield', provincia='Montana
[2024-05-18 15:06:21] [ INFO ] [PacienteEnMemoria:23] Paciente guardado: Pacienteid=1, nombre='Cosme', apellido='Menganito', DNI='456464', fechaIngreso=2024-04-22, domicilio=Domicilioid=1, calle='Calle Falsa', numero=456, localidad='Springfield', provincia='Montana
[2024-05-18 15:07:22] [ INFO ] [PacienteEnMemoria:23] Paciente guardado: Pacienteid=1, nombre='Cosme', apellido='Menganito', DNI='456464', fechaIngreso=2024-04-22, domicilio=Domicilioid=1, calle='Calle Falsa', numero=456, localidad='Springfield', provincia='Montana
[2024-05-18 15:07:22] [ INFO ] [PacienteEnMemoria:31] Paciente encontrado: Pacienteid=1, nombre='Cosme', apellido='Menganito', DNI='456464', fechaIngreso=2024-04-22, domicilio=Domicilioid=1, calle='Calle Falsa', numero=456, localidad='Springfield', provincia='Montana
[2024-05-18 15:08:12] [ INFO ] [PacienteEnMemoria:23] Paciente guardado: Pacienteid=1, nombre='Cosme', apellido='Menganito', DNI='456464', fechaIngreso=2024-04-22, domicilio=Domicilioid=1, calle='Calle Falsa', numero=456, localidad='Springfield', provincia='Montana
[2024-05-18 15:08:21] [ INFO ] [PacienteEnMemoria:23] Paciente guardado: Pacienteid=1, nombre='Cosme', apellido='Menganito', DNI='456464', fechaIngreso=2024-04-22, domicilio=Domicilioid=1, calle='Calle Falsa', numero=456, localidad='Springfield', provincia='Montana
[2024-05-18 15:08:21] [ INFO ] [PacienteEnMemoria:23] Paciente guardado: Pacienteid=2, nombre='Cosme', apellido='Menganito', DNI='456464', fechaIngreso=2024-04-22, domicilio=Domicilioid=2, calle='Calle Falsa', numero=456, localidad='Springfield', provincia='Montana
[2024-05-18 15:08:21] [ INFO ] [PacienteEnMemoria:23] Paciente guardado: Pacienteid=3, nombre='Cosme', apellido='Menganito', DNI='456464', fechaIngreso=2024-04-22, domicilio=Domicilioid=3, calle='Calle Falsa', numero=456, localidad='Springfield', provincia='Montana
[2024-05-18 15:08:21] [ INFO ] [PacienteEnMemoria:31] Paciente encontrado: Pacienteid=1, nombre='Cosme', apellido='Menganito', DNI='456464', fechaIngreso=2024-04-22, domicilio=Domicilioid=1, calle='Calle Falsa', numero=456, localidad='Springfield', provincia='Montana
[2024-05-18 15:08:27] [ INFO ] [PacienteEnMemoria:23] Paciente guardado: Pacienteid=1, nombre='Cosme', apellido='Menganito', DNI='456464', fechaIngreso=2024-04-22, domicilio=Domicilioid=1, calle='Calle Falsa', numero=456, localidad='Springfield', provincia='Montana
[2024-05-18 15:12:31] [ INFO ] [PacienteEnMemoria:23] Paciente guardado: Pacienteid=1, nombre='Cosme', apellido='Menganito', DNI='456464', fechaIngreso=2024-04-22, domicilio=Domicilioid=1, calle='Calle Falsa', numero=456, localidad='Springfield', provincia='Montana
[2024-05-18 15:12:31] [ INFO ] [PacienteEnMemoria:23] Paciente guardado: Pacienteid=2, nombre='Cosme', apellido='Menganito', DNI='456464', fechaIngreso=2024-04-22, domicilio=Domicilioid=2, calle='Calle Falsa', numero=456, localidad='Springfield', provincia='Montana
[2024-05-18 15:12:31] [ INFO ] [PacienteEnMemoria:31] Paciente encontrado: Pacienteid=1, nombre='Cosme', apellido='Menganito', DNI='456464', fechaIngreso=2024-04-22, domicilio=Domicilioid=1, calle='Calle Falsa', numero=456, localidad='Springfield', provincia='Montana
[2024-05-18 15:12:44] [ INFO ] [PacienteEnMemoria:23] Paciente guardado: Pacienteid=1, nombre='Cosme', apellido='Menganito', DNI='456464', fechaIngreso=2024-04-22, domicilio=Domicilioid=1, calle='Calle Falsa', numero=456, localidad='Springfield', provincia='Montana
[2024-05-18 15:12:44] [ INFO ] [PacienteEnMemoria:23] Paciente guardado: Pacienteid=2, nombre='Cosme', apellido='Menganito', DNI='456464', fechaIngreso=2024-04-22, domicilio=Domicilioid=2, calle='Calle Falsa', numero=456, localidad='Springfield', provincia='Montana
[2024-05-18 15:12:44] [ INFO ] [PacienteEnMemoria:31] Paciente encontrado: Pacienteid=1, nombre='Cosme', apellido='Menganito', DNI='456464', fechaIngreso=2024-04-22, domicilio=Domicilioid=1, calle='Calle Falsa', numero=456, localidad='Springfield', provincia='Montana
[2024-05-18 15:12:59] [ INFO ] [DomicilioDaoH2:41] Domicilio persistido: Domicilioid=2, calle='Calle Falsa', numero=456, localidad='Springfield', provincia='Springfield
[2024-05-18 15:12:59] [ INFO ] [PacienteDaoH2:49] Paciente guardado: Pacienteid=2, nombre='Cosme', apellido='Menganito', DNI='456464', fechaIngreso=2024-04-22, domicilio=Domicilioid=2, calle='Calle Falsa', numero=456, localidad='Springfield', provincia='Springfield
[2024-05-18 15:12:59] [ INFO ] [DomicilioDaoH2:90] Domicilio encontrado: Domicilioid=1, calle='SIEMPRE VIVA', numero=123, localidad='SAN PEDRO', provincia='JUJUY
[2024-05-18 15:12:59] [ INFO ] [PacienteDaoH2:141] Paciente listado: Pacienteid=1, nombre='COSME', apellido='FULANITO', DNI='1239081', fechaIngreso=2024-02-15, domicilio=Domicilioid=1, calle='SIEMPRE VIVA', numero=123, localidad='SAN PEDRO', provincia='JUJUY
[2024-05-18 15:12:59] [ INFO ] [DomicilioDaoH2:90] Domicilio encontrado: Domicilioid=2, calle='Calle Falsa', numero=456, localidad='Springfield', provincia='Montana
[2024-05-18 15:12:59] [ INFO ] [PacienteDaoH2:141] Paciente listado: Pacienteid=2, nombre='Cosme', apellido='Menganito', DNI='456464', fechaIngreso=2024-04-22, domicilio=Domicilioid=2, calle='Calle Falsa', numero=456, localidad='Springfield', provincia='Montana
[2024-05-18 15:12:59] [ INFO ] [DomicilioDaoH2:90] Domicilio encontrado: Domicilioid=1, calle='SIEMPRE VIVA', numero=123, localidad='SAN PEDRO', provincia='JUJUY
[2024-05-18 15:12:59] [ INFO ] [PacienteDaoH2:102] Paciente encontrado: Pacienteid=1, nombre='COSME', apellido='FULANITO', DNI='1239081', fechaIngreso=2024-02-15, domicilio=Domicilioid=1, calle='SIEMPRE VIVA', numero=123, localidad='SAN PEDRO', provincia='JUJUY
