[2024-06-09 22:01:34] [ ERROR] [GlobalExceptionHandler:17] Failed to convert value of type 'java.lang.String' to required type 'java.lang.Long'; For input string: "a"
[2024-06-10 15:05:36] [ ERROR] [GlobalExceptionHandler:17] No static resource js/post_students.js.
[2024-06-10 15:05:36] [ ERROR] [GlobalExceptionHandler:17] No static resource js/post_students.js.
[2024-06-10 15:06:00] [ ERROR] [GlobalExceptionHandler:17] No static resource favicon.ico.
[2024-06-10 15:06:04] [ ERROR] [GlobalExceptionHandler:17] No static resource favicon.ico.
[2024-06-10 15:06:06] [ ERROR] [GlobalExceptionHandler:17] No static resource favicon.ico.
[2024-06-10 15:06:07] [ ERROR] [GlobalExceptionHandler:17] No static resource favicon.ico.
[2024-06-10 15:06:08] [ ERROR] [GlobalExceptionHandler:17] No static resource favicon.ico.
[2024-06-10 15:06:10] [ ERROR] [GlobalExceptionHandler:17] No static resource favicon.ico.
[2024-06-10 15:06:11] [ ERROR] [GlobalExceptionHandler:17] No static resource favicon.ico.
[2024-06-10 15:06:14] [ ERROR] [GlobalExceptionHandler:17] No static resource favicon.ico.
[2024-06-10 15:06:15] [ ERROR] [GlobalExceptionHandler:17] No static resource favicon.ico.
[2024-06-10 15:06:16] [ ERROR] [GlobalExceptionHandler:17] No static resource js/post_students.js.
[2024-06-10 15:06:16] [ ERROR] [GlobalExceptionHandler:17] No static resource js/post_students.js.
[2024-06-10 15:06:16] [ ERROR] [GlobalExceptionHandler:17] No static resource favicon.ico.
[2024-06-10 15:07:23] [ ERROR] [GlobalExceptionHandler:17] No static resource favicon.ico.
[2024-06-10 15:07:27] [ ERROR] [GlobalExceptionHandler:17] No static resource favicon.ico.
[2024-06-10 15:07:27] [ ERROR] [GlobalExceptionHandler:17] No static resource favicon.ico.
[2024-06-10 15:07:28] [ ERROR] [GlobalExceptionHandler:17] No static resource favicon.ico.
[2024-06-10 15:07:29] [ ERROR] [GlobalExceptionHandler:17] No static resource favicon.ico.
[2024-06-10 15:07:30] [ ERROR] [GlobalExceptionHandler:17] No static resource favicon.ico.
[2024-06-10 15:07:30] [ ERROR] [GlobalExceptionHandler:17] No static resource favicon.ico.
[2024-06-10 15:07:31] [ ERROR] [GlobalExceptionHandler:17] No static resource favicon.ico.
[2024-06-10 15:07:43] [ ERROR] [GlobalExceptionHandler:17] No static resource js/post_student.js.
[2024-06-10 15:07:43] [ ERROR] [GlobalExceptionHandler:17] No static resource js/post_student.js.
[2024-06-10 15:07:43] [ ERROR] [GlobalExceptionHandler:17] No static resource favicon.ico.
[2024-06-10 15:09:01] [ ERROR] [GlobalExceptionHandler:17] No static resource favicon.ico.
[2024-06-10 15:09:02] [ ERROR] [GlobalExceptionHandler:17] No static resource favicon.ico.
[2024-06-10 15:09:04] [ ERROR] [GlobalExceptionHandler:17] No static resource favicon.ico.
[2024-06-10 15:09:08] [ ERROR] [GlobalExceptionHandler:17] No static resource favicon.ico.
[2024-06-10 15:09:11] [ ERROR] [GlobalExceptionHandler:17] No static resource favicon.ico.
[2024-06-10 15:09:13] [ ERROR] [GlobalExceptionHandler:17] No static resource favicon.ico.
[2024-06-10 15:09:15] [ ERROR] [GlobalExceptionHandler:17] No static resource favicon.ico.
[2024-06-10 15:09:18] [ ERROR] [GlobalExceptionHandler:17] No static resource favicon.ico.
[2024-06-10 15:09:20] [ ERROR] [GlobalExceptionHandler:17] No static resource favicon.ico.
[2024-06-10 15:09:36] [ ERROR] [GlobalExceptionHandler:17] No static resource favicon.ico.
[2024-06-10 15:09:39] [ ERROR] [GlobalExceptionHandler:17] No static resource favicon.ico.
[2024-06-10 15:10:26] [ ERROR] [GlobalExceptionHandler:17] No static resource favicon.ico.
[2024-06-10 15:10:31] [ ERROR] [GlobalExceptionHandler:17] No static resource favicon.ico.
[2024-06-10 15:11:15] [ ERROR] [GlobalExceptionHandler:17] No static resource favicon.ico.
[2024-06-10 15:11:18] [ ERROR] [GlobalExceptionHandler:17] No static resource favicon.ico.
[2024-06-10 15:11:45] [ ERROR] [GlobalExceptionHandler:17] Error creating bean with name 'spring.datasource-org.springframework.boot.autoconfigure.jdbc.DataSourceProperties': Could not bind properties to 'DataSourceProperties' : prefix=spring.datasource, ignoreInvalidFields=false, ignoreUnknownFields=true
[2024-06-10 15:11:56] [ ERROR] [GlobalExceptionHandler:17] No static resource favicon.ico.
[2024-06-10 15:12:54] [ ERROR] [GlobalExceptionHandler:17] No static resource favicon.ico.
[2024-06-10 15:12:55] [ ERROR] [GlobalExceptionHandler:17] No static resource favicon.ico.
[2024-06-10 15:13:01] [ ERROR] [GlobalExceptionHandler:17] No static resource favicon.ico.
[2024-06-10 15:13:11] [ ERROR] [GlobalExceptionHandler:17] No static resource favicon.ico.
[2024-06-10 15:14:07] [ ERROR] [GlobalExceptionHandler:17] No static resource favicon.ico.
[2024-06-10 15:17:03] [ ERROR] [GlobalExceptionHandler:17] No static resource favicon.ico.
[2024-06-10 15:17:13] [ ERROR] [GlobalExceptionHandler:17] No static resource favicon.ico.
[2024-06-10 15:17:20] [ ERROR] [GlobalExceptionHandler:17] No static resource favicon.ico.
[2024-06-10 15:17:23] [ ERROR] [GlobalExceptionHandler:17] No static resource favicon.ico.
[2024-06-10 15:17:25] [ ERROR] [GlobalExceptionHandler:17] No static resource favicon.ico.
[2024-06-10 15:17:26] [ ERROR] [GlobalExceptionHandler:17] No static resource favicon.ico.
[2024-06-10 15:17:27] [ ERROR] [GlobalExceptionHandler:17] No static resource favicon.ico.
[2024-06-10 15:18:12] [ ERROR] [GlobalExceptionHandler:17] No static resource favicon.ico.
[2024-06-10 15:18:13] [ ERROR] [GlobalExceptionHandler:17] No static resource favicon.ico.
[2024-06-10 15:18:18] [ ERROR] [GlobalExceptionHandler:17] No static resource favicon.ico.
[2024-06-10 15:19:30] [ ERROR] [GlobalExceptionHandler:17] No static resource favicon.ico.
[2024-06-10 15:19:36] [ ERROR] [GlobalExceptionHandler:17] No static resource favicon.ico.
[2024-06-10 15:19:50] [ ERROR] [GlobalExceptionHandler:17] No static resource favicon.ico.
[2024-06-10 15:19:52] [ ERROR] [GlobalExceptionHandler:17] No static resource favicon.ico.
[2024-06-10 15:19:57] [ ERROR] [GlobalExceptionHandler:17] No static resource favicon.ico.
[2024-06-10 15:19:59] [ ERROR] [GlobalExceptionHandler:17] No static resource favicon.ico.
[2024-06-10 15:20:00] [ ERROR] [GlobalExceptionHandler:17] No static resource favicon.ico.
[2024-06-10 15:20:02] [ ERROR] [GlobalExceptionHandler:17] No static resource favicon.ico.
[2024-06-10 15:20:18] [ ERROR] [GlobalExceptionHandler:17] No static resource favicon.ico.
[2024-06-10 15:20:25] [ ERROR] [GlobalExceptionHandler:17] No static resource favicon.ico.
[2024-06-10 15:20:35] [ ERROR] [GlobalExceptionHandler:17] No static resource favicon.ico.
[2024-06-10 15:20:50] [ ERROR] [GlobalExceptionHandler:17] No static resource favicon.ico.
[2024-06-10 15:22:29] [ ERROR] [GlobalExceptionHandler:17] No static resource favicon.ico.
[2024-06-10 15:27:32] [ ERROR] [GlobalExceptionHandler:17] No static resource favicon.ico.
[2024-06-10 15:27:36] [ ERROR] [GlobalExceptionHandler:17] No static resource favicon.ico.
[2024-06-10 15:27:40] [ ERROR] [GlobalExceptionHandler:17] No static resource favicon.ico.
[2024-06-10 15:27:53] [ ERROR] [GlobalExceptionHandler:17] No static resource favicon.ico.
[2024-06-10 15:28:29] [ ERROR] [GlobalExceptionHandler:17] No static resource favicon.ico.
[2024-06-10 15:28:50] [ ERROR] [GlobalExceptionHandler:17] No static resource favicon.ico.
[2024-06-10 15:28:52] [ ERROR] [GlobalExceptionHandler:17] No static resource favicon.ico.
[2024-06-10 15:28:56] [ ERROR] [GlobalExceptionHandler:17] No static resource favicon.ico.
[2024-06-10 15:28:57] [ ERROR] [GlobalExceptionHandler:17] No static resource favicon.ico.
[2024-06-10 15:28:59] [ ERROR] [GlobalExceptionHandler:17] No static resource favicon.ico.
[2024-06-10 15:29:03] [ ERROR] [GlobalExceptionHandler:17] No static resource favicon.ico.
[2024-06-10 15:29:23] [ ERROR] [GlobalExceptionHandler:17] No static resource favicon.ico.
