[2024-05-21 22:09:42] [ INFO ] [PacienteEnMemoria:23] Paciente guardado: Pacienteid=1, nombre='Cosme', apellido='Menganito', DNI='456464', fechaIngreso=2024-04-22, domicilio=Domicilioid=1, calle='Calle Falsa', numero=456, localidad='Springfield', provincia='Montana
[2024-05-21 22:09:42] [ INFO ] [PacienteEnMemoria:23] Paciente guardado: Pacienteid=2, nombre='Cosme', apellido='Menganito', DNI='456464', fechaIngreso=2024-04-22, domicilio=Domicilioid=2, calle='Calle Falsa', numero=456, localidad='Springfield', provincia='Montana
[2024-05-21 22:09:42] [ INFO ] [PacienteEnMemoria:31] Paciente encontrado: Pacienteid=1, nombre='Cosme', apellido='Menganito', DNI='456464', fechaIngreso=2024-04-22, domicilio=Domicilioid=1, calle='Calle Falsa', numero=456, localidad='Springfield', provincia='Montana
[2024-05-21 22:10:33] [ INFO ] [DomicilioDaoH2:55] Table "DOMICILIOS" not found (this database is empty); SQL statement:
INSERT INTO DOMICILIOS VALUES (DEFAULT,?,?,?,?); [42104-224]
[2024-05-21 22:10:33] [ INFO ] [PacienteDaoH2:63] Table "PACIENTES" not found (this database is empty); SQL statement:
INSERT INTO PACIENTES VALUES (DEFAULT,?,?,?,?,?); [42104-224]
[2024-05-21 22:10:33] [ INFO ] [PacienteDaoH2:146] Table "PACIENTES" not found (this database is empty); SQL statement:
SELECT * FROM PACIENTES; [42104-224]
[2024-05-21 22:10:33] [ INFO ] [PacienteDaoH2:105] Table "PACIENTES" not found (this database is empty); SQL statement:
SELECT * FROM PACIENTES WHERE ID = ?; [42104-224]
[2024-05-21 22:11:00] [ INFO ] [DomicilioDaoH2:41] Domicilio persistido: Domicilioid=2, calle='Calle Falsa', numero=456, localidad='Springfield', provincia='Springfield
[2024-05-21 22:11:00] [ INFO ] [PacienteDaoH2:49] Paciente guardado: Pacienteid=2, nombre='Cosme', apellido='Menganito', DNI='456464', fechaIngreso=2024-04-22, domicilio=Domicilioid=2, calle='Calle Falsa', numero=456, localidad='Springfield', provincia='Springfield
[2024-05-21 22:11:00] [ INFO ] [DomicilioDaoH2:90] Domicilio encontrado: Domicilioid=1, calle='SIEMPRE VIVA', numero=123, localidad='SAN PEDRO', provincia='JUJUY
[2024-05-21 22:11:00] [ INFO ] [PacienteDaoH2:141] Paciente listado: Pacienteid=1, nombre='COSME', apellido='FULANITO', DNI='1239081', fechaIngreso=2024-02-15, domicilio=Domicilioid=1, calle='SIEMPRE VIVA', numero=123, localidad='SAN PEDRO', provincia='JUJUY
[2024-05-21 22:11:00] [ INFO ] [DomicilioDaoH2:90] Domicilio encontrado: Domicilioid=2, calle='Calle Falsa', numero=456, localidad='Springfield', provincia='Montana
[2024-05-21 22:11:00] [ INFO ] [PacienteDaoH2:141] Paciente listado: Pacienteid=2, nombre='Cosme', apellido='Menganito', DNI='456464', fechaIngreso=2024-04-22, domicilio=Domicilioid=2, calle='Calle Falsa', numero=456, localidad='Springfield', provincia='Montana
[2024-05-21 22:11:00] [ INFO ] [DomicilioDaoH2:90] Domicilio encontrado: Domicilioid=1, calle='SIEMPRE VIVA', numero=123, localidad='SAN PEDRO', provincia='JUJUY
[2024-05-21 22:11:00] [ INFO ] [PacienteDaoH2:102] Paciente encontrado: Pacienteid=1, nombre='COSME', apellido='FULANITO', DNI='1239081', fechaIngreso=2024-02-15, domicilio=Domicilioid=1, calle='SIEMPRE VIVA', numero=123, localidad='SAN PEDRO', provincia='JUJUY
[2024-05-21 22:11:15] [ INFO ] [DomicilioDaoH2:41] Domicilio persistido: Domicilioid=2, calle='Calle Falsa', numero=456, localidad='Springfield', provincia='Springfield
[2024-05-21 22:11:15] [ INFO ] [PacienteDaoH2:49] Paciente guardado: Pacienteid=2, nombre='Cosme', apellido='Menganito', DNI='456464', fechaIngreso=2024-04-22, domicilio=Domicilioid=2, calle='Calle Falsa', numero=456, localidad='Springfield', provincia='Springfield
[2024-05-21 22:11:15] [ INFO ] [DomicilioDaoH2:90] Domicilio encontrado: Domicilioid=1, calle='SIEMPRE VIVA', numero=123, localidad='SAN PEDRO', provincia='JUJUY
[2024-05-21 22:11:15] [ INFO ] [PacienteDaoH2:141] Paciente listado: Pacienteid=1, nombre='COSME', apellido='FULANITO', DNI='1239081', fechaIngreso=2024-02-15, domicilio=Domicilioid=1, calle='SIEMPRE VIVA', numero=123, localidad='SAN PEDRO', provincia='JUJUY
[2024-05-21 22:11:15] [ INFO ] [DomicilioDaoH2:90] Domicilio encontrado: Domicilioid=2, calle='Calle Falsa', numero=456, localidad='Springfield', provincia='Montana
[2024-05-21 22:11:15] [ INFO ] [PacienteDaoH2:141] Paciente listado: Pacienteid=2, nombre='Cosme', apellido='Menganito', DNI='456464', fechaIngreso=2024-04-22, domicilio=Domicilioid=2, calle='Calle Falsa', numero=456, localidad='Springfield', provincia='Montana
[2024-05-21 22:11:15] [ INFO ] [DomicilioDaoH2:90] Domicilio encontrado: Domicilioid=1, calle='SIEMPRE VIVA', numero=123, localidad='SAN PEDRO', provincia='JUJUY
[2024-05-21 22:11:15] [ INFO ] [PacienteDaoH2:102] Paciente encontrado: Pacienteid=1, nombre='COSME', apellido='FULANITO', DNI='1239081', fechaIngreso=2024-02-15, domicilio=Domicilioid=1, calle='SIEMPRE VIVA', numero=123, localidad='SAN PEDRO', provincia='JUJUY
[2024-05-21 22:11:20] [ INFO ] [PacienteEnMemoria:23] Paciente guardado: Pacienteid=1, nombre='Cosme', apellido='Menganito', DNI='456464', fechaIngreso=2024-04-22, domicilio=Domicilioid=1, calle='Calle Falsa', numero=456, localidad='Springfield', provincia='Montana
[2024-05-21 22:11:20] [ INFO ] [PacienteEnMemoria:23] Paciente guardado: Pacienteid=2, nombre='Cosme', apellido='Menganito', DNI='456464', fechaIngreso=2024-04-22, domicilio=Domicilioid=2, calle='Calle Falsa', numero=456, localidad='Springfield', provincia='Montana
[2024-05-21 22:11:20] [ INFO ] [PacienteEnMemoria:31] Paciente encontrado: Pacienteid=1, nombre='Cosme', apellido='Menganito', DNI='456464', fechaIngreso=2024-04-22, domicilio=Domicilioid=1, calle='Calle Falsa', numero=456, localidad='Springfield', provincia='Montana
[2024-05-21 22:13:14] [ INFO ] [PacienteEnMemoria:23] Paciente guardado: Pacienteid=1, nombre='Cosme', apellido='Menganito', DNI='456464', fechaIngreso=2024-04-22, domicilio=Domicilioid=1, calle='Calle Falsa', numero=456, localidad='Springfield', provincia='Montana
[2024-05-21 22:13:14] [ INFO ] [PacienteEnMemoria:23] Paciente guardado: Pacienteid=2, nombre='Cosme', apellido='Menganito', DNI='456464', fechaIngreso=2024-04-22, domicilio=Domicilioid=2, calle='Calle Falsa', numero=456, localidad='Springfield', provincia='Montana
[2024-05-21 22:13:14] [ INFO ] [PacienteEnMemoria:31] Paciente encontrado: Pacienteid=1, nombre='Cosme', apellido='Menganito', DNI='456464', fechaIngreso=2024-04-22, domicilio=Domicilioid=1, calle='Calle Falsa', numero=456, localidad='Springfield', provincia='Montana
[2024-05-21 22:13:14] [ INFO ] [DomicilioDaoH2:41] Domicilio persistido: Domicilioid=2, calle='Calle Falsa', numero=456, localidad='Springfield', provincia='Springfield
[2024-05-21 22:13:14] [ INFO ] [PacienteDaoH2:49] Paciente guardado: Pacienteid=2, nombre='Cosme', apellido='Menganito', DNI='456464', fechaIngreso=2024-04-22, domicilio=Domicilioid=2, calle='Calle Falsa', numero=456, localidad='Springfield', provincia='Springfield
[2024-05-21 22:13:14] [ INFO ] [DomicilioDaoH2:90] Domicilio encontrado: Domicilioid=1, calle='SIEMPRE VIVA', numero=123, localidad='SAN PEDRO', provincia='JUJUY
[2024-05-21 22:13:14] [ INFO ] [PacienteDaoH2:141] Paciente listado: Pacienteid=1, nombre='COSME', apellido='FULANITO', DNI='1239081', fechaIngreso=2024-02-15, domicilio=Domicilioid=1, calle='SIEMPRE VIVA', numero=123, localidad='SAN PEDRO', provincia='JUJUY
[2024-05-21 22:13:14] [ INFO ] [DomicilioDaoH2:90] Domicilio encontrado: Domicilioid=2, calle='Calle Falsa', numero=456, localidad='Springfield', provincia='Montana
[2024-05-21 22:13:14] [ INFO ] [PacienteDaoH2:141] Paciente listado: Pacienteid=2, nombre='Cosme', apellido='Menganito', DNI='456464', fechaIngreso=2024-04-22, domicilio=Domicilioid=2, calle='Calle Falsa', numero=456, localidad='Springfield', provincia='Montana
[2024-05-21 22:13:14] [ INFO ] [DomicilioDaoH2:90] Domicilio encontrado: Domicilioid=1, calle='SIEMPRE VIVA', numero=123, localidad='SAN PEDRO', provincia='JUJUY
[2024-05-21 22:13:14] [ INFO ] [PacienteDaoH2:102] Paciente encontrado: Pacienteid=1, nombre='COSME', apellido='FULANITO', DNI='1239081', fechaIngreso=2024-02-15, domicilio=Domicilioid=1, calle='SIEMPRE VIVA', numero=123, localidad='SAN PEDRO', provincia='JUJUY
[2024-05-23 16:16:32] [ INFO ] [PacienteEnMemoria:23] Paciente guardado: Pacienteid=1, nombre='Cosme', apellido='Menganito', DNI='456464', fechaIngreso=2024-04-22, domicilio=Domicilioid=1, calle='Calle Falsa', numero=456, localidad='Springfield', provincia='Montana
[2024-05-23 16:16:32] [ INFO ] [PacienteEnMemoria:23] Paciente guardado: Pacienteid=2, nombre='Cosme', apellido='Menganito', DNI='456464', fechaIngreso=2024-04-22, domicilio=Domicilioid=2, calle='Calle Falsa', numero=456, localidad='Springfield', provincia='Montana
[2024-05-23 16:16:32] [ INFO ] [PacienteEnMemoria:31] Paciente encontrado: Pacienteid=1, nombre='Cosme', apellido='Menganito', DNI='456464', fechaIngreso=2024-04-22, domicilio=Domicilioid=1, calle='Calle Falsa', numero=456, localidad='Springfield', provincia='Montana
[2024-05-23 16:16:33] [ INFO ] [DomicilioDaoH2:41] Domicilio persistido: Domicilioid=2, calle='Calle Falsa', numero=456, localidad='Springfield', provincia='Springfield
[2024-05-23 16:16:33] [ INFO ] [PacienteDaoH2:49] Paciente guardado: Pacienteid=2, nombre='Cosme', apellido='Menganito', DNI='456464', fechaIngreso=2024-04-22, domicilio=Domicilioid=2, calle='Calle Falsa', numero=456, localidad='Springfield', provincia='Springfield
[2024-05-23 16:16:33] [ INFO ] [DomicilioDaoH2:90] Domicilio encontrado: Domicilioid=1, calle='SIEMPRE VIVA', numero=123, localidad='SAN PEDRO', provincia='JUJUY
[2024-05-23 16:16:33] [ INFO ] [PacienteDaoH2:141] Paciente listado: Pacienteid=1, nombre='COSME', apellido='FULANITO', DNI='1239081', fechaIngreso=2024-02-15, domicilio=Domicilioid=1, calle='SIEMPRE VIVA', numero=123, localidad='SAN PEDRO', provincia='JUJUY
[2024-05-23 16:16:33] [ INFO ] [DomicilioDaoH2:90] Domicilio encontrado: Domicilioid=2, calle='Calle Falsa', numero=456, localidad='Springfield', provincia='Montana
[2024-05-23 16:16:33] [ INFO ] [PacienteDaoH2:141] Paciente listado: Pacienteid=2, nombre='Cosme', apellido='Menganito', DNI='456464', fechaIngreso=2024-04-22, domicilio=Domicilioid=2, calle='Calle Falsa', numero=456, localidad='Springfield', provincia='Montana
[2024-05-23 16:16:33] [ INFO ] [DomicilioDaoH2:90] Domicilio encontrado: Domicilioid=1, calle='SIEMPRE VIVA', numero=123, localidad='SAN PEDRO', provincia='JUJUY
[2024-05-23 16:16:33] [ INFO ] [PacienteDaoH2:102] Paciente encontrado: Pacienteid=1, nombre='COSME', apellido='FULANITO', DNI='1239081', fechaIngreso=2024-02-15, domicilio=Domicilioid=1, calle='SIEMPRE VIVA', numero=123, localidad='SAN PEDRO', provincia='JUJUY
[2024-05-23 16:23:09] [ INFO ] [PacienteEnMemoria:23] Paciente guardado: Pacienteid=1, nombre='Cosme', apellido='Menganito', DNI='456464', fechaIngreso=2024-04-22, domicilio=Domicilioid=1, calle='Calle Falsa', numero=456, localidad='Springfield', provincia='Montana
[2024-05-23 16:23:09] [ INFO ] [PacienteEnMemoria:23] Paciente guardado: Pacienteid=2, nombre='Cosme', apellido='Menganito', DNI='456464', fechaIngreso=2024-04-22, domicilio=Domicilioid=2, calle='Calle Falsa', numero=456, localidad='Springfield', provincia='Montana
[2024-05-23 16:23:09] [ INFO ] [PacienteEnMemoria:31] Paciente encontrado: Pacienteid=1, nombre='Cosme', apellido='Menganito', DNI='456464', fechaIngreso=2024-04-22, domicilio=Domicilioid=1, calle='Calle Falsa', numero=456, localidad='Springfield', provincia='Montana
[2024-05-23 16:23:09] [ INFO ] [DomicilioDaoH2:41] Domicilio persistido: Domicilioid=2, calle='Calle Falsa', numero=456, localidad='Springfield', provincia='Springfield
[2024-05-23 16:23:09] [ INFO ] [PacienteDaoH2:49] Paciente guardado: Pacienteid=2, nombre='Cosme', apellido='Menganito', DNI='456464', fechaIngreso=2024-04-22, domicilio=Domicilioid=2, calle='Calle Falsa', numero=456, localidad='Springfield', provincia='Springfield
[2024-05-23 16:23:09] [ INFO ] [DomicilioDaoH2:90] Domicilio encontrado: Domicilioid=1, calle='SIEMPRE VIVA', numero=123, localidad='SAN PEDRO', provincia='JUJUY
[2024-05-23 16:23:09] [ INFO ] [PacienteDaoH2:141] Paciente listado: Pacienteid=1, nombre='COSME', apellido='FULANITO', DNI='1239081', fechaIngreso=2024-02-15, domicilio=Domicilioid=1, calle='SIEMPRE VIVA', numero=123, localidad='SAN PEDRO', provincia='JUJUY
[2024-05-23 16:23:09] [ INFO ] [DomicilioDaoH2:90] Domicilio encontrado: Domicilioid=2, calle='Calle Falsa', numero=456, localidad='Springfield', provincia='Montana
[2024-05-23 16:23:09] [ INFO ] [PacienteDaoH2:141] Paciente listado: Pacienteid=2, nombre='Cosme', apellido='Menganito', DNI='456464', fechaIngreso=2024-04-22, domicilio=Domicilioid=2, calle='Calle Falsa', numero=456, localidad='Springfield', provincia='Montana
[2024-05-23 16:23:09] [ INFO ] [DomicilioDaoH2:90] Domicilio encontrado: Domicilioid=1, calle='SIEMPRE VIVA', numero=123, localidad='SAN PEDRO', provincia='JUJUY
[2024-05-23 16:23:09] [ INFO ] [PacienteDaoH2:102] Paciente encontrado: Pacienteid=1, nombre='COSME', apellido='FULANITO', DNI='1239081', fechaIngreso=2024-02-15, domicilio=Domicilioid=1, calle='SIEMPRE VIVA', numero=123, localidad='SAN PEDRO', provincia='JUJUY
